23.3.2023, 15:33:55 - INFO - Server is running on port: 3030 
29.3.2023, 17:45:59 - INFO - Server is running on port: 3030 
2.4.2023, 15:07:43 - INFO - Server is running on port: 3030 
2.4.2023, 18:54:21 - INFO - Server is running on port: 3030 
2.4.2023, 18:56:01 - INFO - Server is running on port: 3030 
2.4.2023, 18:56:28 - ERROR - cannot find items | ReferenceError: criteria is not defined 
2.4.2023, 18:56:28 - ERROR - Failed to get items | ReferenceError: criteria is not defined 
2.4.2023, 18:58:34 - INFO - Server is running on port: 3030 
2.4.2023, 18:59:51 - INFO - Server is running on port: 3030 
2.4.2023, 19:05:56 - INFO - Server is running on port: 3030 
2.4.2023, 19:08:49 - INFO - Server is running on port: 3030 
2.4.2023, 19:29:02 - INFO - Server is running on port: 3030 
2.4.2023, 19:30:30 - INFO - Server is running on port: 3030 
5.4.2023, 12:37:53 - INFO - Server is running on port: 3030 
6.4.2023, 22:38:55 - ERROR - while finding item undefined | BSONTypeError: Argument passed in must be a string of 12 bytes or a string of 24 hex characters or an integer 
6.4.2023, 22:38:55 - ERROR - Failed to get item | BSONTypeError: Argument passed in must be a string of 12 bytes or a string of 24 hex characters or an integer 
6.4.2023, 22:39:44 - ERROR - while finding item undefined | BSONTypeError: Argument passed in must be a string of 12 bytes or a string of 24 hex characters or an integer 
6.4.2023, 22:39:44 - ERROR - Failed to get item | BSONTypeError: Argument passed in must be a string of 12 bytes or a string of 24 hex characters or an integer 
6.4.2023, 22:39:47 - ERROR - while finding item undefined | BSONTypeError: Argument passed in must be a string of 12 bytes or a string of 24 hex characters or an integer 
6.4.2023, 22:39:47 - ERROR - Failed to get item | BSONTypeError: Argument passed in must be a string of 12 bytes or a string of 24 hex characters or an integer 
6.4.2023, 22:39:57 - ERROR - while finding item undefined | BSONTypeError: Argument passed in must be a string of 12 bytes or a string of 24 hex characters or an integer 
6.4.2023, 22:39:57 - ERROR - Failed to get item | BSONTypeError: Argument passed in must be a string of 12 bytes or a string of 24 hex characters or an integer 
6.4.2023, 22:40:23 - ERROR - while finding item undefined | BSONTypeError: Argument passed in must be a string of 12 bytes or a string of 24 hex characters or an integer 
6.4.2023, 22:40:23 - ERROR - Failed to get item | BSONTypeError: Argument passed in must be a string of 12 bytes or a string of 24 hex characters or an integer 
6.4.2023, 23:15:50 - INFO - Server is running on port: 3030 
6.4.2023, 23:17:31 - INFO - Server is running on port: 3030 
6.4.2023, 23:25:46 - INFO - Server is running on port: 3030 
7.4.2023, 11:58:15 - INFO - Server is running on port: 3030 
7.4.2023, 15:49:20 - INFO - Server is running on port: 3030 
7.4.2023, 15:55:02 - INFO - Server is running on port: 3030 
7.4.2023, 16:36:15 - INFO - Server is running on port: 3030 
7.4.2023, 16:51:26 - ERROR - while finding item undefined | BSONTypeError: Argument passed in must be a string of 12 bytes or a string of 24 hex characters or an integer 
7.4.2023, 16:51:26 - ERROR - Failed to get item | BSONTypeError: Argument passed in must be a string of 12 bytes or a string of 24 hex characters or an integer 
7.4.2023, 16:51:32 - ERROR - while finding item undefined | BSONTypeError: Argument passed in must be a string of 12 bytes or a string of 24 hex characters or an integer 
7.4.2023, 16:51:32 - ERROR - Failed to get item | BSONTypeError: Argument passed in must be a string of 12 bytes or a string of 24 hex characters or an integer 
7.4.2023, 16:51:48 - INFO - Server is running on port: 3030 
10.4.2023, 12:37:05 - INFO - Server is running on port: 3030 
10.4.2023, 13:54:06 - INFO - Server is running on port: 3030 
10.4.2023, 13:54:09 - DEBUG - auth.service - signup with username: עדי חזן, fullname: עדי חזן 
10.4.2023, 13:54:09 - DEBUG - auth.route - new account created: {"acknowledged":true,"insertedId":"6433ead1326f293323c805d1"} 
10.4.2023, 13:54:09 - DEBUG - auth.service - login with username: עדי חזן 
10.4.2023, 13:54:09 - INFO - User signup: | {"_id":"6433ead1326f293323c805d1","fullname":"עדי חזן","email":"adihazan9@gmail.com","username":"עדי חזן"} 
10.4.2023, 14:00:31 - DEBUG - auth.service - signup with username: עדי חזן, fullname: עדי חזן 
10.4.2023, 14:00:31 - DEBUG - auth.route - new account created: {"acknowledged":true,"insertedId":"6433ec4f326f293323c805d2"} 
10.4.2023, 14:00:31 - DEBUG - auth.service - login with username: עדי חזן 
10.4.2023, 14:00:31 - INFO - User signup: | {"_id":"6433ec4f326f293323c805d2","fullname":"עדי חזן","email":"adihazan9@gmail.com","username":"עדי חזן","cart":[],"liked":[]} 
10.4.2023, 16:45:37 - DEBUG - auth.service - login with username: guest 
10.4.2023, 16:45:37 - ERROR - Failed to Login Invalid username or password 
11.4.2023, 18:06:09 - DEBUG - auth.service - login with username: עדי חזן 
11.4.2023, 18:06:09 - ERROR - Failed to Login Invalid username or password 
11.4.2023, 18:06:37 - DEBUG - auth.service - login with username: עדי חזן 
11.4.2023, 18:06:37 - ERROR - Failed to Login Invalid username or password 
11.4.2023, 18:23:07 - DEBUG - auth.service - signup with username: עדי חזן, fullname: עדי חזן 
11.4.2023, 18:23:08 - DEBUG - auth.route - new account created: {"acknowledged":true,"insertedId":"64357b5c326f293323c805d4"} 
11.4.2023, 18:23:08 - DEBUG - auth.service - login with username: עדי חזן 
11.4.2023, 18:23:08 - INFO - User signup: | {"_id":"64357b5c326f293323c805d4","fullname":"עדי חזן","email":"adihazan9@gmail.com","username":"עדי חזן","cart":{},"liked":[]} 
11.4.2023, 19:10:06 - DEBUG - auth.service - login with username: guest 
11.4.2023, 19:10:06 - ERROR - Failed to Login Invalid username or password 
11.4.2023, 19:11:10 - DEBUG - auth.service - login with username: guest 
11.4.2023, 19:11:10 - ERROR - Failed to Login Invalid username or password 
11.4.2023, 19:11:53 - DEBUG - auth.service - login with username: guest 
11.4.2023, 19:11:53 - ERROR - Failed to Login Invalid username or password 
11.4.2023, 19:16:40 - DEBUG - auth.service - login with username: עדי חזן 
11.4.2023, 19:16:40 - INFO - User login:  | {"_id":"64357b5c326f293323c805d4","fullname":"עדי חזן","email":"adihazan9@gmail.com","username":"עדי חזן","cart":{},"liked":[]} 
11.4.2023, 19:18:17 - DEBUG - auth.service - login with username: עדי חזן 
11.4.2023, 19:18:17 - INFO - User login:  | {"_id":"64357b5c326f293323c805d4","fullname":"עדי חזן","email":"adihazan9@gmail.com","username":"עדי חזן","cart":{},"liked":[]} 
11.4.2023, 19:19:32 - DEBUG - auth.service - login with username: עדי חזן 
11.4.2023, 19:19:32 - INFO - User login:  | {"_id":"64357b5c326f293323c805d4","fullname":"עדי חזן","email":"adihazan9@gmail.com","username":"עדי חזן","cart":{},"liked":[]} 
11.4.2023, 19:39:41 - DEBUG - auth.service - login with username: עדי חזן 
11.4.2023, 19:39:41 - INFO - User login:  | {"_id":"64357b5c326f293323c805d4","fullname":"עדי חזן","email":"adihazan9@gmail.com","username":"עדי חזן","cart":{},"liked":[]} 
11.4.2023, 19:41:34 - DEBUG - auth.service - login with username: עדי חזן 
11.4.2023, 19:41:35 - INFO - User login:  | {"_id":"64357b5c326f293323c805d4","fullname":"עדי חזן","email":"adihazan9@gmail.com","username":"עדי חזן","cart":{},"liked":[]} 
12.4.2023, 15:25:24 - DEBUG - auth.service - login with username: עדי חזן 
12.4.2023, 15:25:24 - INFO - User login:  | {"_id":"64357b5c326f293323c805d4","fullname":"עדי חזן","email":"adihazan9@gmail.com","username":"עדי חזן","cart":{},"liked":[]} 
12.4.2023, 18:29:02 - ERROR - cannot remove item undefined | BSONTypeError: Argument passed in must be a string of 12 bytes or a string of 24 hex characters or an integer 
12.4.2023, 18:43:40 - DEBUG - auth.service - login with username: עדי חזן 
12.4.2023, 18:43:41 - INFO - User login:  | {"_id":"64357b5c326f293323c805d4","fullname":"עדי חזן","email":"adihazan9@gmail.com","username":"עדי חזן","cart":{},"liked":[]} 
12.4.2023, 19:05:05 - DEBUG - auth.service - login with username: עדי חזן 
12.4.2023, 19:05:05 - INFO - User login:  | {"_id":"64357b5c326f293323c805d4","fullname":"עדי חזן","email":"adihazan9@gmail.com","username":"עדי חזן","cart":{},"liked":[]} 
12.4.2023, 19:12:42 - DEBUG - auth.service - login with username: עדי חזן 
12.4.2023, 19:12:42 - INFO - User login:  | {"_id":"64357b5c326f293323c805d4","fullname":"עדי חזן","email":"adihazan9@gmail.com","username":"עדי חזן","cart":{},"liked":[]} 
12.4.2023, 19:21:58 - DEBUG - auth.service - login with username: עדי חזן 
12.4.2023, 19:21:58 - INFO - User login:  | {"_id":"64357b5c326f293323c805d4","fullname":"עדי חזן","email":"adihazan9@gmail.com","username":"עדי חזן","cart":{},"liked":[]} 
12.4.2023, 19:23:40 - DEBUG - auth.service - login with username: עדי חזן 
12.4.2023, 19:23:40 - INFO - User login:  | {"_id":"64357b5c326f293323c805d4","fullname":"עדי חזן","email":"adihazan9@gmail.com","username":"עדי חזן","cart":{},"liked":[]} 
12.4.2023, 19:27:08 - INFO - user.service update | {"_id":"64357b5c326f293323c805d4","fullname":"עדי חזן","email":"adihazan9@gmail.com","username":"עדי חזן","cart":{},"liked":[]} 
12.4.2023, 19:27:11 - INFO - user.service update | {"_id":"64357b5c326f293323c805d4","fullname":"עדי חזן","email":"adihazan9@gmail.com","username":"עדי חזן","cart":{},"liked":["6436db47326f293323c805dc"]} 
12.4.2023, 19:27:39 - INFO - user.service update | {"_id":"64357b5c326f293323c805d4","fullname":"עדי חזן","email":"adihazan9@gmail.com","username":"עדי חזן","cart":{},"liked":[]} 
12.4.2023, 19:27:41 - INFO - user.service update | {"_id":"64357b5c326f293323c805d4","fullname":"עדי חזן","email":"adihazan9@gmail.com","username":"עדי חזן","cart":{},"liked":["6436db47326f293323c805dc"]} 
12.4.2023, 19:28:03 - INFO - user.service update | {"_id":"64357b5c326f293323c805d4","fullname":"עדי חזן","email":"adihazan9@gmail.com","username":"עדי חזן","cart":{"6436db47326f293323c805dc":1},"liked":[]} 
12.4.2023, 19:28:08 - INFO - user.service update | {"_id":"64357b5c326f293323c805d4","fullname":"עדי חזן","email":"adihazan9@gmail.com","username":"עדי חזן","cart":{"6436db47326f293323c805dc":1},"liked":["6436db47326f293323c805dc"]} 
12.4.2023, 19:28:34 - INFO - user.service update | {"_id":"64357b5c326f293323c805d4","fullname":"עדי חזן","email":"adihazan9@gmail.com","username":"עדי חזן","cart":{"6436db47326f293323c805dc":1},"liked":[]} 
12.4.2023, 19:28:35 - INFO - user.service update | {"_id":"64357b5c326f293323c805d4","fullname":"עדי חזן","email":"adihazan9@gmail.com","username":"עדי חזן","cart":{"6436db47326f293323c805dc":1},"liked":["6436db47326f293323c805dc"]} 
12.4.2023, 19:50:09 - INFO - user.service update | {"_id":"64357b5c326f293323c805d4","fullname":"עדי חזן","email":"adihazan9@gmail.com","username":"עדי חזן","cart":{"6436db47326f293323c805dc":1},"liked":[]} 
12.4.2023, 19:50:09 - INFO - user.service update | {"_id":"64357b5c326f293323c805d4","fullname":"עדי חזן","email":"adihazan9@gmail.com","username":"עדי חזן","cart":{},"liked":["6436db47326f293323c805dc"]} 
12.4.2023, 20:11:24 - DEBUG - auth.service - login with username: עדי חזן 
12.4.2023, 20:11:25 - INFO - User login:  | {"_id":"64357b5c326f293323c805d4","fullname":"עדי חזן","email":"adihazan9@gmail.com","username":"עדי חזן","cart":{"6436db47326f293323c805dc":1},"liked":[]} 
12.4.2023, 20:17:44 - DEBUG - auth.service - login with username: עדי חזן 
12.4.2023, 20:17:44 - ERROR - Failed to Login Invalid username or password 
12.4.2023, 20:18:18 - DEBUG - auth.service - signup with username: עדי חזן, fullname: עדי חזן 
12.4.2023, 20:18:18 - DEBUG - auth.route - new account created: {"acknowledged":true,"insertedId":"6436e7da326f293323c805de"} 
12.4.2023, 20:18:18 - DEBUG - auth.service - login with username: עדי חזן 
12.4.2023, 20:18:18 - INFO - User signup: | {"_id":"6436e7da326f293323c805de","fullname":"עדי חזן","email":"adihazan9@gmail.com","username":"עדי חזן","cart":{},"liked":[]} 
12.4.2023, 20:18:54 - INFO - user.service update | {"_id":"6436e7da326f293323c805de","fullname":"עדי חזן","email":"adihazan9@gmail.com","username":"עדי חזן","cart":{},"liked":["6436e7f6326f293323c805df"]} 
12.4.2023, 20:20:38 - INFO - user.service update | {"_id":"6436e7da326f293323c805de","fullname":"עדי חזן","email":"adihazan9@gmail.com","username":"עדי חזן","cart":{},"liked":[]} 
12.4.2023, 20:20:39 - INFO - user.service update | {"_id":"6436e7da326f293323c805de","fullname":"עדי חזן","email":"adihazan9@gmail.com","username":"עדי חזן","cart":{},"liked":["6436e7f6326f293323c805df"]} 
12.4.2023, 20:20:40 - INFO - user.service update | {"_id":"6436e7da326f293323c805de","fullname":"עדי חזן","email":"adihazan9@gmail.com","username":"עדי חזן","cart":{},"liked":[]} 
12.4.2023, 20:20:41 - INFO - user.service update | {"_id":"6436e7da326f293323c805de","fullname":"עדי חזן","email":"adihazan9@gmail.com","username":"עדי חזן","cart":{},"liked":["6436e7f6326f293323c805df"]} 
12.4.2023, 20:20:51 - INFO - user.service update | {"_id":"6436e7da326f293323c805de","fullname":"עדי חזן","email":"adihazan9@gmail.com","username":"עדי חזן","cart":{},"liked":[]} 
12.4.2023, 20:20:52 - INFO - user.service update | {"_id":"6436e7da326f293323c805de","fullname":"עדי חזן","email":"adihazan9@gmail.com","username":"עדי חזן","cart":{},"liked":["6436e7f6326f293323c805df"]} 
12.4.2023, 20:21:52 - INFO - user.service update | {"_id":"6436e7da326f293323c805de","fullname":"עדי חזן","email":"adihazan9@gmail.com","username":"עדי חזן","cart":{},"liked":[]} 
12.4.2023, 20:21:56 - INFO - user.service update | {"_id":"6436e7da326f293323c805de","fullname":"עדי חזן","email":"adihazan9@gmail.com","username":"עדי חזן","cart":{},"liked":["6436e7f6326f293323c805df"]} 
12.4.2023, 20:21:57 - INFO - user.service update | {"_id":"6436e7da326f293323c805de","fullname":"עדי חזן","email":"adihazan9@gmail.com","username":"עדי חזן","cart":{},"liked":[]} 
12.4.2023, 20:22:09 - INFO - user.service update | {"_id":"6436e7da326f293323c805de","fullname":"עדי חזן","email":"adihazan9@gmail.com","username":"עדי חזן","cart":{},"liked":["6436e7f6326f293323c805df"]} 
12.4.2023, 20:22:10 - INFO - user.service update | {"_id":"6436e7da326f293323c805de","fullname":"עדי חזן","email":"adihazan9@gmail.com","username":"עדי חזן","cart":{},"liked":[]} 
12.4.2023, 20:22:51 - INFO - user.service update | {"_id":"6436e7da326f293323c805de","fullname":"עדי חזן","email":"adihazan9@gmail.com","username":"עדי חזן","cart":{},"liked":["6436e7f6326f293323c805df"]} 
12.4.2023, 20:22:53 - INFO - user.service update | {"_id":"6436e7da326f293323c805de","fullname":"עדי חזן","email":"adihazan9@gmail.com","username":"עדי חזן","cart":{},"liked":[]} 
12.4.2023, 20:22:57 - INFO - user.service update | {"_id":"6436e7da326f293323c805de","fullname":"עדי חזן","email":"adihazan9@gmail.com","username":"עדי חזן","cart":{},"liked":["6436e7f6326f293323c805df"]} 
12.4.2023, 20:22:59 - INFO - user.service update | {"_id":"6436e7da326f293323c805de","fullname":"עדי חזן","email":"adihazan9@gmail.com","username":"עדי חזן","cart":{},"liked":[]} 
12.4.2023, 20:23:18 - INFO - user.service update | {"_id":"6436e7da326f293323c805de","fullname":"עדי חזן","email":"adihazan9@gmail.com","username":"עדי חזן","cart":{},"liked":["6436e7f6326f293323c805df"]} 
12.4.2023, 20:23:19 - INFO - user.service update | {"_id":"6436e7da326f293323c805de","fullname":"עדי חזן","email":"adihazan9@gmail.com","username":"עדי חזן","cart":{},"liked":[]} 
12.4.2023, 20:23:46 - INFO - user.service update | {"_id":"6436e7da326f293323c805de","fullname":"עדי חזן","email":"adihazan9@gmail.com","username":"עדי חזן","cart":{},"liked":["6436e7f6326f293323c805df"]} 
12.4.2023, 20:23:47 - INFO - user.service update | {"_id":"6436e7da326f293323c805de","fullname":"עדי חזן","email":"adihazan9@gmail.com","username":"עדי חזן","cart":{},"liked":[]} 
12.4.2023, 20:23:50 - INFO - user.service update | {"_id":"6436e7da326f293323c805de","fullname":"עדי חזן","email":"adihazan9@gmail.com","username":"עדי חזן","cart":{},"liked":["6436e7f6326f293323c805df"]} 
12.4.2023, 20:23:53 - INFO - user.service update | {"_id":"6436e7da326f293323c805de","fullname":"עדי חזן","email":"adihazan9@gmail.com","username":"עדי חזן","cart":{},"liked":[]} 
12.4.2023, 20:26:18 - INFO - user.service update | {"_id":"6436e7da326f293323c805de","fullname":"עדי חזן","email":"adihazan9@gmail.com","username":"עדי חזן","cart":{},"liked":["6436e7f6326f293323c805df"]} 
12.4.2023, 20:26:35 - INFO - user.service update | {"_id":"6436e7da326f293323c805de","fullname":"עדי חזן","email":"adihazan9@gmail.com","username":"עדי חזן","cart":{},"liked":[]} 
12.4.2023, 20:27:50 - INFO - user.service update | {"_id":"6436e7da326f293323c805de","fullname":"עדי חזן","email":"adihazan9@gmail.com","username":"עדי חזן","cart":{},"liked":["6436e7f6326f293323c805df"]} 
12.4.2023, 20:27:59 - INFO - user.service update | {"_id":"6436e7da326f293323c805de","fullname":"עדי חזן","email":"adihazan9@gmail.com","username":"עדי חזן","cart":{},"liked":[]} 
12.4.2023, 20:28:35 - INFO - user.service update | {"_id":"6436e7da326f293323c805de","fullname":"עדי חזן","email":"adihazan9@gmail.com","username":"עדי חזן","cart":{},"liked":["6436e7f6326f293323c805df"]} 
12.4.2023, 20:28:53 - INFO - user.service update | {"_id":"6436e7da326f293323c805de","fullname":"עדי חזן","email":"adihazan9@gmail.com","username":"עדי חזן","cart":{},"liked":[]} 
12.4.2023, 20:28:56 - INFO - user.service update | {"_id":"6436e7da326f293323c805de","fullname":"עדי חזן","email":"adihazan9@gmail.com","username":"עדי חזן","cart":{},"liked":["6436e7f6326f293323c805df"]} 
12.4.2023, 20:29:34 - INFO - user.service update | {"_id":"6436e7da326f293323c805de","fullname":"עדי חזן","email":"adihazan9@gmail.com","username":"עדי חזן","cart":{},"liked":[]} 
12.4.2023, 20:29:35 - INFO - user.service update | {"_id":"6436e7da326f293323c805de","fullname":"עדי חזן","email":"adihazan9@gmail.com","username":"עדי חזן","cart":{},"liked":["6436e7f6326f293323c805df"]} 
12.4.2023, 20:29:46 - INFO - user.service update | {"_id":"6436e7da326f293323c805de","fullname":"עדי חזן","email":"adihazan9@gmail.com","username":"עדי חזן","cart":{},"liked":[]} 
12.4.2023, 20:29:47 - INFO - user.service update | {"_id":"6436e7da326f293323c805de","fullname":"עדי חזן","email":"adihazan9@gmail.com","username":"עדי חזן","cart":{},"liked":["6436e7f6326f293323c805df"]} 
12.4.2023, 20:29:49 - INFO - user.service update | {"_id":"6436e7da326f293323c805de","fullname":"עדי חזן","email":"adihazan9@gmail.com","username":"עדי חזן","cart":{},"liked":[]} 
12.4.2023, 20:29:50 - INFO - user.service update | {"_id":"6436e7da326f293323c805de","fullname":"עדי חזן","email":"adihazan9@gmail.com","username":"עדי חזן","cart":{},"liked":["6436e7f6326f293323c805df"]} 
12.4.2023, 20:30:18 - INFO - user.service update | {"_id":"6436e7da326f293323c805de","fullname":"עדי חזן","email":"adihazan9@gmail.com","username":"עדי חזן","cart":{},"liked":["6436e7f6326f293323c805df","6436e7f6326f293323c805df","6436e61b326f293323c805dd"]} 
12.4.2023, 20:30:25 - INFO - user.service update | {"_id":"6436e7da326f293323c805de","fullname":"עדי חזן","email":"adihazan9@gmail.com","username":"עדי חזן","cart":{},"liked":["6436e7f6326f293323c805df","6436e7f6326f293323c805df"]} 
12.4.2023, 20:30:26 - INFO - user.service update | {"_id":"6436e7da326f293323c805de","fullname":"עדי חזן","email":"adihazan9@gmail.com","username":"עדי חזן","cart":{},"liked":[]} 
12.4.2023, 20:30:27 - INFO - user.service update | {"_id":"6436e7da326f293323c805de","fullname":"עדי חזן","email":"adihazan9@gmail.com","username":"עדי חזן","cart":{},"liked":["6436e7f6326f293323c805df"]} 
12.4.2023, 20:30:28 - INFO - user.service update | {"_id":"6436e7da326f293323c805de","fullname":"עדי חזן","email":"adihazan9@gmail.com","username":"עדי חזן","cart":{},"liked":["6436e7f6326f293323c805df","6436e7f6326f293323c805df","6436e61b326f293323c805dd"]} 
12.4.2023, 20:30:33 - INFO - user.service update | {"_id":"6436e7da326f293323c805de","fullname":"עדי חזן","email":"adihazan9@gmail.com","username":"עדי חזן","cart":{},"liked":["6436e61b326f293323c805dd","6436e61b326f293323c805dd"]} 
12.4.2023, 20:30:35 - INFO - user.service update | {"_id":"6436e7da326f293323c805de","fullname":"עדי חזן","email":"adihazan9@gmail.com","username":"עדי חזן","cart":{},"liked":[]} 
12.4.2023, 20:30:38 - INFO - user.service update | {"_id":"6436e7da326f293323c805de","fullname":"עדי חזן","email":"adihazan9@gmail.com","username":"עדי חזן","cart":{},"liked":["6436e61b326f293323c805dd"]} 
12.4.2023, 20:30:44 - INFO - user.service update | {"_id":"6436e7da326f293323c805de","fullname":"עדי חזן","email":"adihazan9@gmail.com","username":"עדי חזן","cart":{},"liked":[]} 
12.4.2023, 20:32:14 - INFO - user.service update | {"_id":"6436e7da326f293323c805de","fullname":"עדי חזן","email":"adihazan9@gmail.com","username":"עדי חזן","cart":{},"liked":["6436d840326f293323c805d9"]} 
12.4.2023, 20:35:03 - INFO - user.service update | {"_id":"6436e7da326f293323c805de","fullname":"עדי חזן","email":"adihazan9@gmail.com","username":"עדי חזן","cart":{},"liked":[]} 
12.4.2023, 20:35:05 - INFO - user.service update | {"_id":"6436e7da326f293323c805de","fullname":"עדי חזן","email":"adihazan9@gmail.com","username":"עדי חזן","cart":{},"liked":["6436db27326f293323c805db"]} 
12.4.2023, 20:35:06 - INFO - user.service update | {"_id":"6436e7da326f293323c805de","fullname":"עדי חזן","email":"adihazan9@gmail.com","username":"עדי חזן","cart":{},"liked":[]} 
12.4.2023, 20:35:06 - INFO - user.service update | {"_id":"6436e7da326f293323c805de","fullname":"עדי חזן","email":"adihazan9@gmail.com","username":"עדי חזן","cart":{},"liked":["6436db27326f293323c805db"]} 
12.4.2023, 20:35:08 - INFO - user.service update | {"_id":"6436e7da326f293323c805de","fullname":"עדי חזן","email":"adihazan9@gmail.com","username":"עדי חזן","cart":{},"liked":["6436db27326f293323c805db","6436d840326f293323c805d9"]} 
12.4.2023, 20:35:09 - INFO - user.service update | {"_id":"6436e7da326f293323c805de","fullname":"עדי חזן","email":"adihazan9@gmail.com","username":"עדי חזן","cart":{},"liked":["6436db27326f293323c805db"]} 
12.4.2023, 20:35:10 - INFO - user.service update | {"_id":"6436e7da326f293323c805de","fullname":"עדי חזן","email":"adihazan9@gmail.com","username":"עדי חזן","cart":{},"liked":[]} 
12.4.2023, 20:35:14 - INFO - user.service update | {"_id":"6436e7da326f293323c805de","fullname":"עדי חזן","email":"adihazan9@gmail.com","username":"עדי חזן","cart":{},"liked":["6436e61b326f293323c805dd"]} 
12.4.2023, 20:35:23 - INFO - user.service update | {"_id":"6436e7da326f293323c805de","fullname":"עדי חזן","email":"adihazan9@gmail.com","username":"עדי חזן","cart":{},"liked":[]} 
12.4.2023, 20:37:22 - INFO - user.service update | {"_id":"6436e7da326f293323c805de","fullname":"עדי חזן","email":"adihazan9@gmail.com","username":"עדי חזן","cart":{},"liked":["6436db27326f293323c805db"]} 
12.4.2023, 20:37:30 - INFO - user.service update | {"_id":"6436e7da326f293323c805de","fullname":"עדי חזן","email":"adihazan9@gmail.com","username":"עדי חזן","cart":{},"liked":[]} 
12.4.2023, 20:46:36 - INFO - user.service update | {"_id":"6436e7da326f293323c805de","fullname":"עדי חזן","email":"adihazan9@gmail.com","username":"עדי חזן","cart":{},"liked":["6436e7f6326f293323c805df"]} 
12.4.2023, 20:46:39 - INFO - user.service update | {"_id":"6436e7da326f293323c805de","fullname":"עדי חזן","email":"adihazan9@gmail.com","username":"עדי חזן","cart":{"itemId":1},"liked":["6436e7f6326f293323c805df"]} 
12.4.2023, 20:46:48 - INFO - user.service update | {"_id":"6436e7da326f293323c805de","fullname":"עדי חזן","email":"adihazan9@gmail.com","username":"עדי חזן","cart":{"itemId":1},"liked":[]} 
12.4.2023, 20:46:53 - ERROR - while finding item itemId | BSONTypeError: Argument passed in must be a string of 12 bytes or a string of 24 hex characters or an integer 
12.4.2023, 20:46:53 - ERROR - Failed to get item | BSONTypeError: Argument passed in must be a string of 12 bytes or a string of 24 hex characters or an integer 
12.4.2023, 20:46:56 - ERROR - while finding item itemId | BSONTypeError: Argument passed in must be a string of 12 bytes or a string of 24 hex characters or an integer 
12.4.2023, 20:46:56 - ERROR - Failed to get item | BSONTypeError: Argument passed in must be a string of 12 bytes or a string of 24 hex characters or an integer 
12.4.2023, 20:47:13 - ERROR - while finding item itemId | BSONTypeError: Argument passed in must be a string of 12 bytes or a string of 24 hex characters or an integer 
12.4.2023, 20:47:13 - ERROR - Failed to get item | BSONTypeError: Argument passed in must be a string of 12 bytes or a string of 24 hex characters or an integer 
12.4.2023, 20:49:55 - DEBUG - auth.service - signup with username: עדי חזן, fullname: עדי חזן 
12.4.2023, 20:49:55 - DEBUG - auth.route - new account created: {"acknowledged":true,"insertedId":"6436ef43326f293323c805e0"} 
12.4.2023, 20:49:55 - DEBUG - auth.service - login with username: עדי חזן 
12.4.2023, 20:49:55 - INFO - User signup: | {"_id":"6436ef43326f293323c805e0","fullname":"עדי חזן","email":"adihazan9@gmail.com","username":"עדי חזן","cart":{},"liked":[]} 
12.4.2023, 20:50:10 - INFO - user.service update | {"_id":"6436ef43326f293323c805e0","fullname":"עדי חזן","email":"adihazan9@gmail.com","username":"עדי חזן","cart":{},"liked":["6436d840326f293323c805d9"]} 
12.4.2023, 20:50:34 - INFO - user.service update | {"_id":"6436ef43326f293323c805e0","fullname":"עדי חזן","email":"adihazan9@gmail.com","username":"עדי חזן","cart":{"6436d840326f293323c805d9":1},"liked":["6436d840326f293323c805d9","6436d840326f293323c805d9"]} 
12.4.2023, 20:50:40 - INFO - user.service update | {"_id":"6436ef43326f293323c805e0","fullname":"עדי חזן","email":"adihazan9@gmail.com","username":"עדי חזן","cart":{"6436d840326f293323c805d9":1},"liked":[]} 
12.4.2023, 20:50:44 - INFO - user.service update | {"_id":"6436ef43326f293323c805e0","fullname":"עדי חזן","email":"adihazan9@gmail.com","username":"עדי חזן","cart":{"6436d840326f293323c805d9":1},"liked":["6436d840326f293323c805d9"]} 
12.4.2023, 20:50:53 - INFO - user.service update | {"_id":"6436ef43326f293323c805e0","fullname":"עדי חזן","email":"adihazan9@gmail.com","username":"עדי חזן","cart":{"6436d840326f293323c805d9":1},"liked":[]} 
12.4.2023, 20:50:53 - INFO - user.service update | {"_id":"6436ef43326f293323c805e0","fullname":"עדי חזן","email":"adihazan9@gmail.com","username":"עדי חזן","cart":{},"liked":["6436d840326f293323c805d9"]} 
12.4.2023, 20:53:34 - DEBUG - auth.service - signup with username: עדי חזן, fullname: עדי חזן 
12.4.2023, 20:53:34 - DEBUG - auth.route - new account created: {"acknowledged":true,"insertedId":"6436f01e326f293323c805e1"} 
12.4.2023, 20:53:34 - DEBUG - auth.service - login with username: עדי חזן 
12.4.2023, 20:53:34 - INFO - User signup: | {"_id":"6436f01e326f293323c805e1","fullname":"עדי חזן","email":"adihazan9@gmail.com","username":"עדי חזן","cart":{},"liked":[]} 
12.4.2023, 20:54:05 - INFO - user.service update | {"_id":"6436f01e326f293323c805e1","fullname":"עדי חזן","email":"adihazan9@gmail.com","username":"עדי חזן","cart":{},"liked":["6436f038326f293323c805e2"]} 
12.4.2023, 20:54:13 - INFO - user.service update | {"_id":"6436f01e326f293323c805e1","fullname":"עדי חזן","email":"adihazan9@gmail.com","username":"עדי חזן","cart":{},"liked":[]} 
12.4.2023, 20:59:34 - INFO - user.service update | {"id":"dtbVDl","fullname":"","liked":[],"cart":{"6436f16e326f293323c805e3":1}} 
12.4.2023, 20:59:50 - INFO - user.service update | {"id":"dtbVDl","fullname":"","liked":["6436f16e326f293323c805e3"],"cart":{"6436f16e326f293323c805e3":1}} 
12.4.2023, 21:00:46 - DEBUG - auth.service - login with username: עדי חזן 
12.4.2023, 21:00:46 - INFO - User login:  | {"_id":"6436f01e326f293323c805e1","fullname":"עדי חזן","email":"adihazan9@gmail.com","username":"עדי חזן","cart":{},"liked":[]} 
13.4.2023, 13:02:25 - INFO - Server is running on port: 3030 
13.4.2023, 14:58:57 - DEBUG - auth.service - login with username: עדי חזן 
13.4.2023, 14:58:57 - INFO - User login:  | {"_id":"6436f01e326f293323c805e1","fullname":"עדי חזן","email":"adihazan9@gmail.com","username":"עדי חזן","cart":{},"liked":[],"isAdmin":true} 
13.4.2023, 17:36:20 - INFO - user.service update | {"_id":"6436f01e326f293323c805e1","fullname":"עדי חזן","email":"adihazan9@gmail.com","username":"עדי חזן","cart":{},"liked":["6436f1f1326f293323c805e6"],"isAdmin":true} 
13.4.2023, 17:36:20 - INFO - user.service update | {"_id":"6436f01e326f293323c805e1","fullname":"עדי חזן","email":"adihazan9@gmail.com","username":"עדי חזן","cart":{},"liked":[],"isAdmin":true} 
13.4.2023, 17:36:23 - INFO - user.service update | {"_id":"6436f01e326f293323c805e1","fullname":"עדי חזן","email":"adihazan9@gmail.com","username":"עדי חזן","cart":{},"liked":["6436f1f1326f293323c805e6"],"isAdmin":true} 
13.4.2023, 17:36:25 - INFO - user.service update | {"_id":"6436f01e326f293323c805e1","fullname":"עדי חזן","email":"adihazan9@gmail.com","username":"עדי חזן","cart":{},"liked":[],"isAdmin":true} 
13.4.2023, 17:40:30 - INFO - user.service update | {"_id":"6436f01e326f293323c805e1","fullname":"עדי חזן","email":"adihazan9@gmail.com","username":"עדי חזן","cart":{"6436f1f1326f293323c805e6":1},"liked":[],"isAdmin":true} 
13.4.2023, 17:41:08 - INFO - user.service update | {"_id":"6436f01e326f293323c805e1","fullname":"עדי חזן","email":"adihazan9@gmail.com","username":"עדי חזן","cart":{"6436f1f1326f293323c805e6":1,"64381234c3d9148227d439ed":1},"liked":[],"isAdmin":true} 
13.4.2023, 17:44:52 - DEBUG - auth.service - login with username: עדי חזן 
13.4.2023, 17:44:52 - INFO - User login:  | {"_id":"6436f01e326f293323c805e1","fullname":"עדי חזן","email":"adihazan9@gmail.com","username":"עדי חזן","cart":{"6436f1f1326f293323c805e6":1,"64381234c3d9148227d439ed":1},"liked":[],"isAdmin":true} 
13.4.2023, 18:08:48 - INFO - user.service update | {"_id":"6436f01e326f293323c805e1","fullname":"עדי חזן","email":"adihazan9@gmail.com","username":"עדי חזן","cart":{"6436f1f1326f293323c805e6":1,"64381234c3d9148227d439ed":1},"liked":["6438193dc3d9148227d439ee"],"isAdmin":true} 
13.4.2023, 18:08:49 - INFO - user.service update | {"_id":"6436f01e326f293323c805e1","fullname":"עדי חזן","email":"adihazan9@gmail.com","username":"עדי חזן","cart":{"6436f1f1326f293323c805e6":1,"64381234c3d9148227d439ed":1},"liked":[],"isAdmin":true} 
13.4.2023, 18:08:51 - INFO - user.service update | {"_id":"6436f01e326f293323c805e1","fullname":"עדי חזן","email":"adihazan9@gmail.com","username":"עדי חזן","cart":{"6436f1f1326f293323c805e6":1,"64381234c3d9148227d439ed":1},"liked":["6438193dc3d9148227d439ee"],"isAdmin":true} 
13.4.2023, 18:08:53 - INFO - user.service update | {"_id":"6436f01e326f293323c805e1","fullname":"עדי חזן","email":"adihazan9@gmail.com","username":"עדי חזן","cart":{"6436f1f1326f293323c805e6":1,"64381234c3d9148227d439ed":1},"liked":[],"isAdmin":true} 
13.4.2023, 18:41:57 - INFO - Server is running on port: 3030 
13.4.2023, 18:43:43 - INFO - user.service update | {"_id":"6436f01e326f293323c805e1","fullname":"עדי חזן","email":"adihazan9@gmail.com","username":"עדי חזן","cart":{"6436f1f1326f293323c805e6":1,"64381234c3d9148227d439ed":1},"liked":["6438193dc3d9148227d439ee"],"isAdmin":true} 
13.4.2023, 18:43:44 - INFO - user.service update | {"_id":"6436f01e326f293323c805e1","fullname":"עדי חזן","email":"adihazan9@gmail.com","username":"עדי חזן","cart":{"6436f1f1326f293323c805e6":1,"64381234c3d9148227d439ed":1},"liked":[],"isAdmin":true} 
13.4.2023, 18:43:47 - INFO - user.service update | {"_id":"6436f01e326f293323c805e1","fullname":"עדי חזן","email":"adihazan9@gmail.com","username":"עדי חזן","cart":{"6436f1f1326f293323c805e6":1,"64381234c3d9148227d439ed":1},"liked":["6438193dc3d9148227d439ee"],"isAdmin":true} 
13.4.2023, 18:43:48 - INFO - user.service update | {"_id":"6436f01e326f293323c805e1","fullname":"עדי חזן","email":"adihazan9@gmail.com","username":"עדי חזן","cart":{"6436f1f1326f293323c805e6":1,"64381234c3d9148227d439ed":1},"liked":[],"isAdmin":true} 
13.4.2023, 19:46:34 - INFO - Server is running on port: 3030 
13.4.2023, 19:46:59 - ERROR - Failed to get Mongo collection | MongoInvalidArgumentError: Collection names cannot be empty 
13.4.2023, 19:46:59 - ERROR - cannot find items | MongoInvalidArgumentError: Collection names cannot be empty 
13.4.2023, 19:46:59 - ERROR - Failed to get items | MongoInvalidArgumentError: Collection names cannot be empty 
13.4.2023, 19:47:09 - ERROR - Failed to get Mongo collection | MongoInvalidArgumentError: Collection names cannot be empty 
13.4.2023, 19:47:09 - ERROR - cannot find items | MongoInvalidArgumentError: Collection names cannot be empty 
13.4.2023, 19:47:09 - ERROR - Failed to get items | MongoInvalidArgumentError: Collection names cannot be empty 
13.4.2023, 19:47:15 - ERROR - Failed to get Mongo collection | MongoInvalidArgumentError: Collection names cannot be empty 
13.4.2023, 19:47:15 - ERROR - cannot find items | MongoInvalidArgumentError: Collection names cannot be empty 
13.4.2023, 19:47:15 - ERROR - Failed to get items | MongoInvalidArgumentError: Collection names cannot be empty 
13.4.2023, 19:47:16 - ERROR - Failed to get Mongo collection | MongoInvalidArgumentError: Collection names cannot be empty 
13.4.2023, 19:47:16 - ERROR - cannot find items | MongoInvalidArgumentError: Collection names cannot be empty 
13.4.2023, 19:47:16 - ERROR - Failed to get items | MongoInvalidArgumentError: Collection names cannot be empty 
13.4.2023, 19:47:34 - ERROR - Failed to get Mongo collection | MongoInvalidArgumentError: Collection names cannot be empty 
13.4.2023, 19:47:34 - ERROR - cannot find items | MongoInvalidArgumentError: Collection names cannot be empty 
13.4.2023, 19:47:34 - ERROR - Failed to get items | MongoInvalidArgumentError: Collection names cannot be empty 
13.4.2023, 19:47:43 - INFO - Server is running on port: 3030 
13.4.2023, 19:48:07 - INFO - Server is running on port: 3030 
13.4.2023, 19:48:11 - ERROR - Failed to get Mongo collection | MongoInvalidArgumentError: Collection names cannot be empty 
13.4.2023, 19:48:11 - ERROR - cannot find items | MongoInvalidArgumentError: Collection names cannot be empty 
13.4.2023, 19:48:11 - ERROR - Failed to get items | MongoInvalidArgumentError: Collection names cannot be empty 
13.4.2023, 19:48:42 - INFO - Server is running on port: 3030 
13.4.2023, 19:48:56 - INFO - Server is running on port: 3030 
13.4.2023, 19:48:58 - ERROR - Cannot Connect to DB | MongoParseError: Invalid scheme, expected connection string to start with "mongodb://" or "mongodb+srv://" 
13.4.2023, 19:48:58 - ERROR - Failed to get Mongo collection | MongoParseError: Invalid scheme, expected connection string to start with "mongodb://" or "mongodb+srv://" 
13.4.2023, 19:48:58 - ERROR - cannot find items | MongoParseError: Invalid scheme, expected connection string to start with "mongodb://" or "mongodb+srv://" 
13.4.2023, 19:48:58 - ERROR - Failed to get items | MongoParseError: Invalid scheme, expected connection string to start with "mongodb://" or "mongodb+srv://" 
13.4.2023, 19:49:11 - INFO - Server is running on port: 3030 
13.4.2023, 19:49:28 - INFO - Server is running on port: 3030 
